{"uuid":"06aeb508-e0e6-41b6-990a-60cff5a40341","historyId":"abaa044e216b697753d264c70a9dd819","fullName":"src/test/resources/features/SignIn.feature:12","labels":[{"name":"tag","value":"demo"},{"name":"host","value":"UK-R0X3JDV4GT"},{"name":"thread","value":"15886@UK-R0X3JDV4GT.main(1)"},{"name":"feature","value":"SignInFeature"},{"name":"story","value":"SignIn with correct username and password using XPATH"},{"name":"suite","value":"SignInFeature"},{"name":"testClass","value":"SignIn with correct username and password using XPATH"},{"name":"framework","value":"cucumber4jvm"},{"name":"language","value":"java"},{"name":"gherkin_uri","value":"file:///Users/ksrivastava23/Documents/Projects/PD/demoProject/LBGDemo/cucumberframework-main/src/test/resources/features/SignIn.feature"},{"name":"package","value":"src.test.resources.features.SignIn_feature.SignInFeature"}],"links":[],"name":"SignIn with correct username and password using XPATH","status":"broken","statusDetails":{"known":false,"muted":false,"flaky":false,"message":"Failed to find element using By.xpath: //input[@placeholder=\"Country\"]\nFor documentation on this error, please visit: https://www.selenium.dev/documentation/webdriver/troubleshooting/errors#no-such-element-exception\nBuild info: version: '4.11.0', revision: '040bc5406b'\nSystem info: os.name: 'Mac OS X', os.arch: 'aarch64', os.version: '13.5.2', java.version: '20.0.1'\nDriver info: driver.version: unknown","trace":"org.openqa.selenium.NoSuchElementException: Failed to find element using By.xpath: //input[@placeholder=\"Country\"]\nFor documentation on this error, please visit: https://www.selenium.dev/documentation/webdriver/troubleshooting/errors#no-such-element-exception\nBuild info: version: '4.11.0', revision: '040bc5406b'\nSystem info: os.name: 'Mac OS X', os.arch: 'aarch64', os.version: '13.5.2', java.version: '20.0.1'\nDriver info: driver.version: unknown\n\tat com.epam.healenium.handlers.proxy.BaseHandler.findElement(BaseHandler.java:72)\n\tat com.epam.healenium.handlers.proxy.SelfHealingProxyInvocationHandler.invoke(SelfHealingProxyInvocationHandler.java:39)\n\tat jdk.proxy2/jdk.proxy2.$Proxy32.findElement(Unknown Source)\n\tat org.openqa.selenium.support.pagefactory.DefaultElementLocator.findElement(DefaultElementLocator.java:68)\n\tat org.openqa.selenium.support.pagefactory.internal.LocatingElementHandler.invoke(LocatingElementHandler.java:38)\n\tat jdk.proxy2/jdk.proxy2.$Proxy35.sendKeys(Unknown Source)\n\tat com.auto.pages.SignInPage.enterLoginCredentialsByXpath(SignInPage.java:69)\n\tat com.auto.stepdefs.SignInStepDef.iEnterTheAnd(SignInStepDef.java:35)\n\tat ✽.I enter the \"Khushboo\" \"khushboo.srivastava2@kpmg.co.uk\" and \"Test123\"(file:///Users/ksrivastava23/Documents/Projects/PD/demoProject/LBGDemo/cucumberframework-main/src/test/resources/features/SignIn.feature:7)\nCaused by: java.lang.NullPointerException: Cannot invoke \"java.util.function.BiFunction.apply(Object, Object)\" because the return value of \"com.epam.healenium.model.SessionContext.getFunctionUrl()\" is null\n\tat com.epam.healenium.processor.GetReferenceElementsProcessor.populateUrlKey(GetReferenceElementsProcessor.java:74)\n\tat com.epam.healenium.processor.GetReferenceElementsProcessor.execute(GetReferenceElementsProcessor.java:52)\n\tat com.epam.healenium.processor.BaseProcessor.process(BaseProcessor.java:42)\n\tat com.epam.healenium.processor.BaseProcessor.process(BaseProcessor.java:50)\n\tat com.epam.healenium.handlers.proxy.BaseHandler.findElement(BaseHandler.java:60)\n\tat com.epam.healenium.handlers.proxy.SelfHealingProxyInvocationHandler.invoke(SelfHealingProxyInvocationHandler.java:39)\n\tat jdk.proxy2/jdk.proxy2.$Proxy32.findElement(Unknown Source)\n\tat org.openqa.selenium.support.pagefactory.DefaultElementLocator.findElement(DefaultElementLocator.java:68)\n\tat org.openqa.selenium.support.pagefactory.internal.LocatingElementHandler.invoke(LocatingElementHandler.java:38)\n\tat jdk.proxy2/jdk.proxy2.$Proxy35.sendKeys(Unknown Source)\n\tat com.auto.pages.SignInPage.enterLoginCredentialsByXpath(SignInPage.java:69)\n\tat com.auto.stepdefs.SignInStepDef.iEnterTheAnd(SignInStepDef.java:35)\n\tat java.base/jdk.internal.reflect.DirectMethodHandleAccessor.invoke(DirectMethodHandleAccessor.java:104)\n\tat java.base/java.lang.reflect.Method.invoke(Method.java:578)\n\tat io.cucumber.java.Invoker.doInvoke(Invoker.java:66)\n\tat io.cucumber.java.Invoker.invoke(Invoker.java:24)\n\tat io.cucumber.java.AbstractGlueDefinition.invokeMethod(AbstractGlueDefinition.java:47)\n\tat io.cucumber.java.JavaStepDefinition.execute(JavaStepDefinition.java:29)\n\tat io.cucumber.core.runner.CoreStepDefinition.execute(CoreStepDefinition.java:66)\n\tat io.cucumber.core.runner.PickleStepDefinitionMatch.runStep(PickleStepDefinitionMatch.java:63)\n\tat io.cucumber.core.runner.ExecutionMode$1.execute(ExecutionMode.java:10)\n\tat io.cucumber.core.runner.TestStep.executeStep(TestStep.java:85)\n\tat io.cucumber.core.runner.TestStep.run(TestStep.java:57)\n\tat io.cucumber.core.runner.PickleStepTestStep.run(PickleStepTestStep.java:51)\n\tat io.cucumber.core.runner.TestCase.run(TestCase.java:84)\n\tat io.cucumber.core.runner.Runner.runPickle(Runner.java:75)\n\tat io.cucumber.core.runtime.Runtime.lambda$executePickle$6(Runtime.java:128)\n\tat io.cucumber.core.runtime.CucumberExecutionContext.lambda$runTestCase$5(CucumberExecutionContext.java:129)\n\tat io.cucumber.core.runtime.RethrowingThrowableCollector.executeAndThrow(RethrowingThrowableCollector.java:23)\n\tat io.cucumber.core.runtime.CucumberExecutionContext.runTestCase(CucumberExecutionContext.java:129)\n\tat io.cucumber.core.runtime.Runtime.lambda$executePickle$7(Runtime.java:128)\n\tat java.base/java.util.concurrent.Executors$RunnableAdapter.call(Executors.java:577)\n\tat java.base/java.util.concurrent.FutureTask.run(FutureTask.java:317)\n\tat io.cucumber.core.runtime.Runtime$SameThreadExecutorService.execute(Runtime.java:249)\n\tat java.base/java.util.concurrent.AbstractExecutorService.submit(AbstractExecutorService.java:123)\n\tat io.cucumber.core.runtime.Runtime.lambda$runFeatures$3(Runtime.java:110)\n\tat java.base/java.util.stream.ReferencePipeline$3$1.accept(ReferencePipeline.java:197)\n\tat java.base/java.util.stream.SliceOps$1$1.accept(SliceOps.java:200)\n\tat java.base/java.util.ArrayList$ArrayListSpliterator.tryAdvance(ArrayList.java:1602)\n\tat java.base/java.util.stream.ReferencePipeline.forEachWithCancel(ReferencePipeline.java:129)\n\tat java.base/java.util.stream.AbstractPipeline.copyIntoWithCancel(AbstractPipeline.java:527)\n\tat java.base/java.util.stream.AbstractPipeline.copyInto(AbstractPipeline.java:513)\n\tat java.base/java.util.stream.AbstractPipeline.wrapAndCopyInto(AbstractPipeline.java:499)\n\tat java.base/java.util.stream.ReduceOps$ReduceOp.evaluateSequential(ReduceOps.java:921)\n\tat java.base/java.util.stream.AbstractPipeline.evaluate(AbstractPipeline.java:234)\n\tat java.base/java.util.stream.ReferencePipeline.collect(ReferencePipeline.java:682)\n\tat io.cucumber.core.runtime.Runtime.runFeatures(Runtime.java:111)\n\tat io.cucumber.core.runtime.Runtime.lambda$run$0(Runtime.java:82)\n\tat io.cucumber.core.runtime.Runtime.execute(Runtime.java:94)\n\tat io.cucumber.core.runtime.Runtime.run(Runtime.java:80)\n\tat io.cucumber.core.cli.Main.run(Main.java:87)\n\tat io.cucumber.core.cli.Main.main(Main.java:30)\n"},"stage":"finished","description":"  This feature deals with signin functionality of the application","steps":[{"name":"Given  I navigate to the signin page","status":"passed","statusDetails":{"known":false,"muted":false,"flaky":false},"stage":"finished","steps":[],"attachments":[],"parameters":[],"start":1695672577438,"stop":1695672578234},{"name":"And  I click the signin button","status":"passed","statusDetails":{"known":false,"muted":false,"flaky":false},"stage":"finished","steps":[],"attachments":[],"parameters":[],"start":1695672578921,"stop":1695672579186},{"name":"And  I enter the \"Khushboo\" \"khushboo.srivastava2@kpmg.co.uk\" and \"Test123\"","status":"broken","statusDetails":{"known":false,"muted":false,"flaky":false,"message":"Failed to find element using By.xpath: //input[@placeholder=\"Country\"]\nFor documentation on this error, please visit: https://www.selenium.dev/documentation/webdriver/troubleshooting/errors#no-such-element-exception\nBuild info: version: '4.11.0', revision: '040bc5406b'\nSystem info: os.name: 'Mac OS X', os.arch: 'aarch64', os.version: '13.5.2', java.version: '20.0.1'\nDriver info: driver.version: unknown","trace":"org.openqa.selenium.NoSuchElementException: Failed to find element using By.xpath: //input[@placeholder=\"Country\"]\nFor documentation on this error, please visit: https://www.selenium.dev/documentation/webdriver/troubleshooting/errors#no-such-element-exception\nBuild info: version: '4.11.0', revision: '040bc5406b'\nSystem info: os.name: 'Mac OS X', os.arch: 'aarch64', os.version: '13.5.2', java.version: '20.0.1'\nDriver info: driver.version: unknown\n\tat com.epam.healenium.handlers.proxy.BaseHandler.findElement(BaseHandler.java:72)\n\tat com.epam.healenium.handlers.proxy.SelfHealingProxyInvocationHandler.invoke(SelfHealingProxyInvocationHandler.java:39)\n\tat jdk.proxy2/jdk.proxy2.$Proxy32.findElement(Unknown Source)\n\tat org.openqa.selenium.support.pagefactory.DefaultElementLocator.findElement(DefaultElementLocator.java:68)\n\tat org.openqa.selenium.support.pagefactory.internal.LocatingElementHandler.invoke(LocatingElementHandler.java:38)\n\tat jdk.proxy2/jdk.proxy2.$Proxy35.sendKeys(Unknown Source)\n\tat com.auto.pages.SignInPage.enterLoginCredentialsByXpath(SignInPage.java:69)\n\tat com.auto.stepdefs.SignInStepDef.iEnterTheAnd(SignInStepDef.java:35)\n\tat ✽.I enter the \"Khushboo\" \"khushboo.srivastava2@kpmg.co.uk\" and \"Test123\"(file:///Users/ksrivastava23/Documents/Projects/PD/demoProject/LBGDemo/cucumberframework-main/src/test/resources/features/SignIn.feature:7)\nCaused by: java.lang.NullPointerException: Cannot invoke \"java.util.function.BiFunction.apply(Object, Object)\" because the return value of \"com.epam.healenium.model.SessionContext.getFunctionUrl()\" is null\n\tat com.epam.healenium.processor.GetReferenceElementsProcessor.populateUrlKey(GetReferenceElementsProcessor.java:74)\n\tat com.epam.healenium.processor.GetReferenceElementsProcessor.execute(GetReferenceElementsProcessor.java:52)\n\tat com.epam.healenium.processor.BaseProcessor.process(BaseProcessor.java:42)\n\tat com.epam.healenium.processor.BaseProcessor.process(BaseProcessor.java:50)\n\tat com.epam.healenium.handlers.proxy.BaseHandler.findElement(BaseHandler.java:60)\n\tat com.epam.healenium.handlers.proxy.SelfHealingProxyInvocationHandler.invoke(SelfHealingProxyInvocationHandler.java:39)\n\tat jdk.proxy2/jdk.proxy2.$Proxy32.findElement(Unknown Source)\n\tat org.openqa.selenium.support.pagefactory.DefaultElementLocator.findElement(DefaultElementLocator.java:68)\n\tat org.openqa.selenium.support.pagefactory.internal.LocatingElementHandler.invoke(LocatingElementHandler.java:38)\n\tat jdk.proxy2/jdk.proxy2.$Proxy35.sendKeys(Unknown Source)\n\tat com.auto.pages.SignInPage.enterLoginCredentialsByXpath(SignInPage.java:69)\n\tat com.auto.stepdefs.SignInStepDef.iEnterTheAnd(SignInStepDef.java:35)\n\tat java.base/jdk.internal.reflect.DirectMethodHandleAccessor.invoke(DirectMethodHandleAccessor.java:104)\n\tat java.base/java.lang.reflect.Method.invoke(Method.java:578)\n\tat io.cucumber.java.Invoker.doInvoke(Invoker.java:66)\n\tat io.cucumber.java.Invoker.invoke(Invoker.java:24)\n\tat io.cucumber.java.AbstractGlueDefinition.invokeMethod(AbstractGlueDefinition.java:47)\n\tat io.cucumber.java.JavaStepDefinition.execute(JavaStepDefinition.java:29)\n\tat io.cucumber.core.runner.CoreStepDefinition.execute(CoreStepDefinition.java:66)\n\tat io.cucumber.core.runner.PickleStepDefinitionMatch.runStep(PickleStepDefinitionMatch.java:63)\n\tat io.cucumber.core.runner.ExecutionMode$1.execute(ExecutionMode.java:10)\n\tat io.cucumber.core.runner.TestStep.executeStep(TestStep.java:85)\n\tat io.cucumber.core.runner.TestStep.run(TestStep.java:57)\n\tat io.cucumber.core.runner.PickleStepTestStep.run(PickleStepTestStep.java:51)\n\tat io.cucumber.core.runner.TestCase.run(TestCase.java:84)\n\tat io.cucumber.core.runner.Runner.runPickle(Runner.java:75)\n\tat io.cucumber.core.runtime.Runtime.lambda$executePickle$6(Runtime.java:128)\n\tat io.cucumber.core.runtime.CucumberExecutionContext.lambda$runTestCase$5(CucumberExecutionContext.java:129)\n\tat io.cucumber.core.runtime.RethrowingThrowableCollector.executeAndThrow(RethrowingThrowableCollector.java:23)\n\tat io.cucumber.core.runtime.CucumberExecutionContext.runTestCase(CucumberExecutionContext.java:129)\n\tat io.cucumber.core.runtime.Runtime.lambda$executePickle$7(Runtime.java:128)\n\tat java.base/java.util.concurrent.Executors$RunnableAdapter.call(Executors.java:577)\n\tat java.base/java.util.concurrent.FutureTask.run(FutureTask.java:317)\n\tat io.cucumber.core.runtime.Runtime$SameThreadExecutorService.execute(Runtime.java:249)\n\tat java.base/java.util.concurrent.AbstractExecutorService.submit(AbstractExecutorService.java:123)\n\tat io.cucumber.core.runtime.Runtime.lambda$runFeatures$3(Runtime.java:110)\n\tat java.base/java.util.stream.ReferencePipeline$3$1.accept(ReferencePipeline.java:197)\n\tat java.base/java.util.stream.SliceOps$1$1.accept(SliceOps.java:200)\n\tat java.base/java.util.ArrayList$ArrayListSpliterator.tryAdvance(ArrayList.java:1602)\n\tat java.base/java.util.stream.ReferencePipeline.forEachWithCancel(ReferencePipeline.java:129)\n\tat java.base/java.util.stream.AbstractPipeline.copyIntoWithCancel(AbstractPipeline.java:527)\n\tat java.base/java.util.stream.AbstractPipeline.copyInto(AbstractPipeline.java:513)\n\tat java.base/java.util.stream.AbstractPipeline.wrapAndCopyInto(AbstractPipeline.java:499)\n\tat java.base/java.util.stream.ReduceOps$ReduceOp.evaluateSequential(ReduceOps.java:921)\n\tat java.base/java.util.stream.AbstractPipeline.evaluate(AbstractPipeline.java:234)\n\tat java.base/java.util.stream.ReferencePipeline.collect(ReferencePipeline.java:682)\n\tat io.cucumber.core.runtime.Runtime.runFeatures(Runtime.java:111)\n\tat io.cucumber.core.runtime.Runtime.lambda$run$0(Runtime.java:82)\n\tat io.cucumber.core.runtime.Runtime.execute(Runtime.java:94)\n\tat io.cucumber.core.runtime.Runtime.run(Runtime.java:80)\n\tat io.cucumber.core.cli.Main.run(Main.java:87)\n\tat io.cucumber.core.cli.Main.main(Main.java:30)\n"},"stage":"finished","steps":[],"attachments":[],"parameters":[],"start":1695672579773,"stop":1695672600352},{"name":"And  I click the signup button","status":"skipped","statusDetails":{"known":false,"muted":false,"flaky":false},"stage":"finished","steps":[],"attachments":[],"parameters":[],"start":1695672600880,"stop":1695672600880},{"name":"Then  I should see the homepage","status":"skipped","statusDetails":{"known":false,"muted":false,"flaky":false},"stage":"finished","steps":[],"attachments":[],"parameters":[],"start":1695672600881,"stop":1695672600881}],"attachments":[],"parameters":[{"name":"name","value":"Khushboo"},{"name":"email","value":"khushboo.srivastava2@kpmg.co.uk"},{"name":"password","value":"Test123"}],"start":1695672546153,"stop":1695672601567}